RUN	simulations.CreateAuthors	createauthors	1693665732360	 	3.9.5
USER	Create Authors	START	1693665733664
USER	Create Authors	START	1693665733669
USER	Create Authors	START	1693665733689
USER	Create Authors	START	1693665733709
USER	Create Authors	START	1693665733729
USER	Create Authors	START	1693665733749
USER	Create Authors	START	1693665733770
USER	Create Authors	START	1693665733790
USER	Create Authors	START	1693665733810
USER	Create Authors	START	1693665733830
USER	Create Authors	START	1693665733849
USER	Create Authors	START	1693665733870
USER	Create Authors	START	1693665733890
USER	Create Authors	START	1693665733910
USER	Create Authors	START	1693665733930
USER	Create Authors	START	1693665733950
USER	Create Authors	START	1693665733969
USER	Create Authors	START	1693665733990
USER	Create Authors	START	1693665734010
USER	Create Authors	START	1693665734031
USER	Create Authors	START	1693665734050
USER	Create Authors	START	1693665734071
USER	Create Authors	START	1693665734090
USER	Create Authors	START	1693665734111
USER	Create Authors	START	1693665734131
USER	Create Authors	START	1693665734151
USER	Create Authors	START	1693665734171
USER	Create Authors	START	1693665734191
USER	Create Authors	START	1693665734211
USER	Create Authors	START	1693665734231
USER	Create Authors	START	1693665734250
USER	Create Authors	START	1693665734272
USER	Create Authors	START	1693665734292
USER	Create Authors	START	1693665734311
USER	Create Authors	START	1693665734332
USER	Create Authors	START	1693665734352
USER	Create Authors	START	1693665734371
USER	Create Authors	START	1693665734391
REQUEST		Create Authors API	1693665733669	1693665734388	OK	 
REQUEST		Create Authors API	1693665733663	1693665734385	OK	 
USER	Create Authors	END	1693665734399
USER	Create Authors	END	1693665734399
USER	Create Authors	START	1693665734411
REQUEST		Create Authors API	1693665733689	1693665734416	OK	 
USER	Create Authors	END	1693665734417
USER	Create Authors	START	1693665734431
USER	Create Authors	START	1693665734452
USER	Create Authors	START	1693665734471
REQUEST		Create Authors API	1693665733749	1693665734483	OK	 
USER	Create Authors	END	1693665734483
REQUEST		Create Authors API	1693665733729	1693665734491	OK	 
REQUEST		Create Authors API	1693665733789	1693665734491	OK	 
USER	Create Authors	END	1693665734491
USER	Create Authors	START	1693665734492
USER	Create Authors	END	1693665734492
USER	Create Authors	START	1693665734512
REQUEST		Create Authors API	1693665733809	1693665734518	OK	 
USER	Create Authors	END	1693665734518
USER	Create Authors	START	1693665734531
USER	Create Authors	START	1693665734552
REQUEST		Create Authors API	1693665733709	1693665734563	OK	 
USER	Create Authors	END	1693665734564
REQUEST		Create Authors API	1693665733849	1693665734567	OK	 
USER	Create Authors	END	1693665734568
REQUEST		Create Authors API	1693665733769	1693665734570	OK	 
USER	Create Authors	END	1693665734571
REQUEST		Create Authors API	1693665733830	1693665734571	OK	 
USER	Create Authors	START	1693665734572
USER	Create Authors	END	1693665734572
REQUEST		Create Authors API	1693665733870	1693665734574	OK	 
USER	Create Authors	END	1693665734575
USER	Create Authors	START	1693665734591
REQUEST		Create Authors API	1693665733890	1693665734603	OK	 
USER	Create Authors	END	1693665734604
USER	Create Authors	START	1693665734612
USER	Create Authors	START	1693665734631
USER	Create Authors	START	1693665734652
REQUEST		Create Authors API	1693665733930	1693665734654	OK	 
USER	Create Authors	END	1693665734655
REQUEST		Create Authors API	1693665733910	1693665734663	OK	 
USER	Create Authors	END	1693665734664
REQUEST		Create Authors API	1693665733950	1693665734668	OK	 
REQUEST		Create Authors API	1693665733969	1693665734668	OK	 
USER	Create Authors	END	1693665734668
USER	Create Authors	END	1693665734669
USER	Create Authors	START	1693665734672
REQUEST		Create Authors API	1693665733990	1693665734677	OK	 
USER	Create Authors	END	1693665734677
USER	Create Authors	START	1693665734692
USER	Create Authors	START	1693665734712
REQUEST		Create Authors API	1693665734031	1693665734716	OK	 
USER	Create Authors	END	1693665734716
REQUEST		Create Authors API	1693665734010	1693665734729	OK	 
USER	Create Authors	END	1693665734730
USER	Create Authors	START	1693665734732
USER	Create Authors	START	1693665734752
REQUEST		Create Authors API	1693665734050	1693665734767	OK	 
USER	Create Authors	END	1693665734767
USER	Create Authors	START	1693665734772
REQUEST		Create Authors API	1693665734090	1693665734787	OK	 
USER	Create Authors	END	1693665734787
USER	Create Authors	START	1693665734791
REQUEST		Create Authors API	1693665734071	1693665734806	OK	 
USER	Create Authors	END	1693665734807
USER	Create Authors	START	1693665734811
USER	Create Authors	START	1693665734831
REQUEST		Create Authors API	1693665734110	1693665734839	OK	 
USER	Create Authors	END	1693665734839
REQUEST		Create Authors API	1693665734131	1693665734844	OK	 
USER	Create Authors	END	1693665734845
USER	Create Authors	START	1693665734852
REQUEST		Create Authors API	1693665734171	1693665734867	OK	 
USER	Create Authors	END	1693665734868
USER	Create Authors	START	1693665734872
REQUEST		Create Authors API	1693665734191	1693665734886	OK	 
USER	Create Authors	END	1693665734886
REQUEST		Create Authors API	1693665734151	1693665734892	OK	 
USER	Create Authors	START	1693665734892
USER	Create Authors	END	1693665734892
USER	Create Authors	START	1693665734912
REQUEST		Create Authors API	1693665734211	1693665734915	OK	 
USER	Create Authors	END	1693665734915
USER	Create Authors	START	1693665734931
REQUEST		Create Authors API	1693665734230	1693665734940	OK	 
USER	Create Authors	END	1693665734940
USER	Create Authors	START	1693665734952
USER	Create Authors	START	1693665734972
USER	Create Authors	START	1693665734992
REQUEST		Create Authors API	1693665734291	1693665734996	OK	 
USER	Create Authors	END	1693665734996
REQUEST		Create Authors API	1693665734271	1693665735000	OK	 
REQUEST		Create Authors API	1693665734250	1693665735000	OK	 
USER	Create Authors	END	1693665735001
USER	Create Authors	END	1693665735001
REQUEST		Create Authors API	1693665734311	1693665735007	OK	 
USER	Create Authors	END	1693665735008
USER	Create Authors	START	1693665735012
USER	Create Authors	START	1693665735032
REQUEST		Create Authors API	1693665734331	1693665735036	OK	 
USER	Create Authors	END	1693665735036
USER	Create Authors	START	1693665735052
REQUEST		Create Authors API	1693665734352	1693665735066	OK	 
USER	Create Authors	END	1693665735066
USER	Create Authors	START	1693665735072
REQUEST		Create Authors API	1693665734371	1693665735089	OK	 
USER	Create Authors	END	1693665735089
USER	Create Authors	START	1693665735093
REQUEST		Create Authors API	1693665734391	1693665735104	OK	 
USER	Create Authors	END	1693665735105
REQUEST		Create Authors API	1693665734411	1693665735106	OK	 
USER	Create Authors	END	1693665735106
USER	Create Authors	START	1693665735112
REQUEST		Create Authors API	1693665734431	1693665735112	OK	 
USER	Create Authors	END	1693665735113
REQUEST		Create Authors API	1693665734451	1693665735131	OK	 
USER	Create Authors	END	1693665735131
USER	Create Authors	START	1693665735132
USER	Create Authors	START	1693665735152
REQUEST		Create Authors API	1693665734471	1693665735165	OK	 
USER	Create Authors	END	1693665735166
USER	Create Authors	START	1693665735172
USER	Create Authors	START	1693665735193
REQUEST		Create Authors API	1693665734491	1693665735193	OK	 
USER	Create Authors	END	1693665735193
USER	Create Authors	START	1693665735213
REQUEST		Create Authors API	1693665734511	1693665735229	OK	 
USER	Create Authors	END	1693665735229
USER	Create Authors	START	1693665735232
REQUEST		Create Authors API	1693665734530	1693665735250	OK	 
USER	Create Authors	END	1693665735251
USER	Create Authors	START	1693665735252
REQUEST		Create Authors API	1693665734551	1693665735272	OK	 
USER	Create Authors	END	1693665735272
USER	Create Authors	START	1693665735272
REQUEST		Create Authors API	1693665734571	1693665735286	OK	 
USER	Create Authors	END	1693665735286
USER	Create Authors	START	1693665735292
REQUEST		Create Authors API	1693665734590	1693665735298	OK	 
USER	Create Authors	END	1693665735298
USER	Create Authors	START	1693665735312
REQUEST		Create Authors API	1693665734612	1693665735320	OK	 
USER	Create Authors	END	1693665735321
USER	Create Authors	START	1693665735332
REQUEST		Create Authors API	1693665734652	1693665735346	OK	 
USER	Create Authors	END	1693665735346
USER	Create Authors	START	1693665735351
REQUEST		Create Authors API	1693665734631	1693665735365	OK	 
USER	Create Authors	END	1693665735366
USER	Create Authors	START	1693665735373
USER	Create Authors	START	1693665735392
USER	Create Authors	START	1693665735413
USER	Create Authors	START	1693665735432
REQUEST		Create Authors API	1693665734672	1693665735445	OK	 
USER	Create Authors	END	1693665735446
USER	Create Authors	START	1693665735453
REQUEST		Create Authors API	1693665734692	1693665735456	OK	 
USER	Create Authors	END	1693665735457
REQUEST		Create Authors API	1693665734712	1693665735466	OK	 
USER	Create Authors	END	1693665735467
USER	Create Authors	START	1693665735473
REQUEST		Create Authors API	1693665734772	1693665735490	OK	 
USER	Create Authors	END	1693665735490
USER	Create Authors	START	1693665735493
REQUEST		Create Authors API	1693665734752	1693665735494	OK	 
USER	Create Authors	END	1693665735494
USER	Create Authors	START	1693665735512
REQUEST		Create Authors API	1693665734831	1693665735519	OK	 
USER	Create Authors	END	1693665735520
REQUEST		Create Authors API	1693665734790	1693665735524	OK	 
USER	Create Authors	END	1693665735524
USER	Create Authors	START	1693665735533
USER	Create Authors	START	1693665735553
USER	Create Authors	START	1693665735572
REQUEST		Create Authors API	1693665734852	1693665735584	OK	 
USER	Create Authors	END	1693665735585
REQUEST		Create Authors API	1693665734872	1693665735585	OK	 
USER	Create Authors	END	1693665735586
USER	Create Authors	START	1693665735592
REQUEST		Create Authors API	1693665734911	1693665735594	OK	 
USER	Create Authors	END	1693665735594
REQUEST		Create Authors API	1693665734892	1693665735599	OK	 
USER	Create Authors	END	1693665735600
REQUEST		Create Authors API	1693665734811	1693665735603	OK	 
USER	Create Authors	END	1693665735603
USER	Create Authors	START	1693665735611
USER	Create Authors	START	1693665735632
USER	Create Authors	START	1693665735652
REQUEST		Create Authors API	1693665734931	1693665735658	OK	 
USER	Create Authors	END	1693665735660
USER	Create Authors	START	1693665735667
REQUEST		Create Authors API	1693665734952	1693665735670	OK	 
REQUEST		Create Authors API	1693665734972	1693665735670	OK	 
USER	Create Authors	END	1693665735671
USER	Create Authors	END	1693665735671
USER	Create Authors	START	1693665735688
USER	Create Authors	START	1693665735708
REQUEST		Create Authors API	1693665735012	1693665735713	OK	 
USER	Create Authors	END	1693665735713
USER	Create Authors	START	1693665735728
REQUEST		Create Authors API	1693665734992	1693665735729	OK	 
USER	Create Authors	END	1693665735729
REQUEST		Create Authors API	1693665735032	1693665735732	OK	 
USER	Create Authors	END	1693665735732
USER	Create Authors	START	1693665735748
REQUEST		Create Authors API	1693665735071	1693665735758	OK	 
USER	Create Authors	END	1693665735758
USER	Create Authors	START	1693665735768
REQUEST		Create Authors API	1693665735052	1693665735774	OK	 
USER	Create Authors	END	1693665735775
USER	Create Authors	START	1693665735788
REQUEST		Create Authors API	1693665735092	1693665735789	OK	 
USER	Create Authors	END	1693665735790
USER	Create Authors	START	1693665735809
USER	Create Authors	START	1693665735828
USER	Create Authors	START	1693665735848
USER	Create Authors	START	1693665735868
REQUEST		Create Authors API	1693665735112	1693665735875	OK	 
USER	Create Authors	END	1693665735876
REQUEST		Create Authors API	1693665735152	1693665735887	OK	 
USER	Create Authors	END	1693665735888
USER	Create Authors	START	1693665735889
USER	Create Authors	START	1693665735908
USER	Create Authors	START	1693665735928
USER	Create Authors	START	1693665735948
REQUEST		Create Authors API	1693665735232	1693665735950	OK	 
USER	Create Authors	END	1693665735951
REQUEST		Create Authors API	1693665735172	1693665735954	OK	 
REQUEST		Create Authors API	1693665735251	1693665735954	OK	 
USER	Create Authors	END	1693665735954
USER	Create Authors	END	1693665735954
REQUEST		Create Authors API	1693665735192	1693665735954	OK	 
USER	Create Authors	END	1693665735955
REQUEST		Create Authors API	1693665735132	1693665735958	OK	 
USER	Create Authors	END	1693665735958
USER	Create Authors	START	1693665735968
USER	Create Authors	START	1693665735988
REQUEST		Create Authors API	1693665735212	1693665735995	OK	 
USER	Create Authors	END	1693665735996
USER	Create Authors	START	1693665736009
USER	Create Authors	START	1693665736029
REQUEST		Create Authors API	1693665735272	1693665736035	OK	 
USER	Create Authors	END	1693665736035
USER	Create Authors	START	1693665736049
REQUEST		Create Authors API	1693665735311	1693665736053	OK	 
REQUEST		Create Authors API	1693665735332	1693665736053	OK	 
USER	Create Authors	END	1693665736054
USER	Create Authors	END	1693665736054
USER	Create Authors	START	1693665736068
REQUEST		Create Authors API	1693665735292	1693665736069	OK	 
USER	Create Authors	END	1693665736069
USER	Create Authors	START	1693665736088
REQUEST		Create Authors API	1693665735351	1693665736093	OK	 
USER	Create Authors	END	1693665736093
REQUEST		Create Authors API	1693665735392	1693665736105	OK	 
USER	Create Authors	END	1693665736105
REQUEST		Create Authors API	1693665735372	1693665736107	OK	 
USER	Create Authors	END	1693665736107
USER	Create Authors	START	1693665736108
REQUEST		Create Authors API	1693665735412	1693665736126	OK	 
USER	Create Authors	END	1693665736127
USER	Create Authors	START	1693665736128
REQUEST		Create Authors API	1693665735432	1693665736134	OK	 
USER	Create Authors	END	1693665736134
REQUEST		Create Authors API	1693665735452	1693665736143	OK	 
USER	Create Authors	END	1693665736143
USER	Create Authors	START	1693665736149
USER	Create Authors	START	1693665736169
USER	Create Authors	START	1693665736189
USER	Create Authors	START	1693665736208
REQUEST		Create Authors API	1693665735473	1693665736221	OK	 
USER	Create Authors	END	1693665736222
USER	Create Authors	START	1693665736228
REQUEST		Create Authors API	1693665735512	1693665736243	OK	 
USER	Create Authors	END	1693665736243
REQUEST		Create Authors API	1693665735492	1693665736246	OK	 
USER	Create Authors	END	1693665736246
REQUEST		Create Authors API	1693665735532	1693665736248	OK	 
USER	Create Authors	START	1693665736248
USER	Create Authors	END	1693665736248
USER	Create Authors	START	1693665736267
REQUEST		Create Authors API	1693665735552	1693665736282	OK	 
USER	Create Authors	END	1693665736283
USER	Create Authors	START	1693665736288
REQUEST		Create Authors API	1693665735592	1693665736288	OK	 
USER	Create Authors	END	1693665736289
REQUEST		Create Authors API	1693665735611	1693665736303	OK	 
USER	Create Authors	END	1693665736304
REQUEST		Create Authors API	1693665735572	1693665736306	OK	 
USER	Create Authors	END	1693665736306
USER	Create Authors	START	1693665736309
USER	Create Authors	START	1693665736329
USER	Create Authors	START	1693665736349
USER	Create Authors	START	1693665736369
REQUEST		Create Authors API	1693665735632	1693665736370	OK	 
USER	Create Authors	END	1693665736371
REQUEST		Create Authors API	1693665735652	1693665736375	OK	 
USER	Create Authors	END	1693665736375
REQUEST		Create Authors API	1693665735667	1693665736380	OK	 
USER	Create Authors	END	1693665736381
USER	Create Authors	START	1693665736389
REQUEST		Create Authors API	1693665735707	1693665736391	OK	 
USER	Create Authors	END	1693665736392
USER	Create Authors	START	1693665736408
REQUEST		Create Authors API	1693665735727	1693665736425	OK	 
USER	Create Authors	END	1693665736426
USER	Create Authors	START	1693665736430
USER	Create Authors	START	1693665736450
REQUEST		Create Authors API	1693665735687	1693665736451	OK	 
USER	Create Authors	END	1693665736452
USER	Create Authors	START	1693665736469
REQUEST		Create Authors API	1693665735747	1693665736470	OK	 
USER	Create Authors	END	1693665736471
REQUEST		Create Authors API	1693665735768	1693665736479	OK	 
USER	Create Authors	END	1693665736480
REQUEST		Create Authors API	1693665735788	1693665736485	OK	 
USER	Create Authors	END	1693665736485
USER	Create Authors	START	1693665736488
USER	Create Authors	START	1693665736509
REQUEST		Create Authors API	1693665735828	1693665736512	OK	 
USER	Create Authors	END	1693665736513
REQUEST		Create Authors API	1693665735808	1693665736514	OK	 
USER	Create Authors	END	1693665736515
USER	Create Authors	START	1693665736529
USER	Create Authors	START	1693665736549
USER	Create Authors	START	1693665736569
USER	Create Authors	START	1693665736589
REQUEST		Create Authors API	1693665735868	1693665736607	OK	 
USER	Create Authors	END	1693665736607
USER	Create Authors	START	1693665736608
REQUEST		Create Authors API	1693665735928	1693665736610	OK	 
USER	Create Authors	END	1693665736610
REQUEST		Create Authors API	1693665735848	1693665736614	OK	 
USER	Create Authors	END	1693665736614
REQUEST		Create Authors API	1693665735908	1693665736614	OK	 
USER	Create Authors	END	1693665736615
REQUEST		Create Authors API	1693665735888	1693665736616	OK	 
USER	Create Authors	END	1693665736617
USER	Create Authors	START	1693665736628
REQUEST		Create Authors API	1693665735948	1693665736635	OK	 
USER	Create Authors	END	1693665736636
USER	Create Authors	START	1693665736649
USER	Create Authors	START	1693665736666
REQUEST		Create Authors API	1693665735968	1693665736667	OK	 
USER	Create Authors	END	1693665736667
USER	Create Authors	START	1693665736687
REQUEST		Create Authors API	1693665735988	1693665736688	OK	 
USER	Create Authors	END	1693665736688
USER	Create Authors	START	1693665736707
REQUEST		Create Authors API	1693665736009	1693665736708	OK	 
USER	Create Authors	END	1693665736708
USER	Create Authors	START	1693665736727
REQUEST		Create Authors API	1693665736048	1693665736734	OK	 
USER	Create Authors	END	1693665736734
REQUEST		Create Authors API	1693665736029	1693665736735	OK	 
USER	Create Authors	END	1693665736735
USER	Create Authors	START	1693665736747
USER	Create Authors	START	1693665736767
REQUEST		Create Authors API	1693665736088	1693665736784	OK	 
USER	Create Authors	END	1693665736784
USER	Create Authors	START	1693665736787
USER	Create Authors	START	1693665736808
USER	Create Authors	START	1693665736828
REQUEST		Create Authors API	1693665736128	1693665736842	OK	 
USER	Create Authors	END	1693665736843
REQUEST		Create Authors API	1693665736108	1693665736845	OK	 
REQUEST		Create Authors API	1693665736068	1693665736845	OK	 
USER	Create Authors	END	1693665736846
USER	Create Authors	END	1693665736846
USER	Create Authors	START	1693665736848
USER	Create Authors	START	1693665736868
REQUEST		Create Authors API	1693665736148	1693665736873	OK	 
USER	Create Authors	END	1693665736874
REQUEST		Create Authors API	1693665736169	1693665736882	OK	 
USER	Create Authors	END	1693665736883
USER	Create Authors	START	1693665736888
USER	Create Authors	START	1693665736910
USER	Create Authors	START	1693665736928
USER	Create Authors	START	1693665736948
USER	Create Authors	START	1693665736968
REQUEST		Create Authors API	1693665736248	1693665736975	OK	 
USER	Create Authors	END	1693665736976
REQUEST		Create Authors API	1693665736228	1693665736978	OK	 
USER	Create Authors	END	1693665736979
REQUEST		Create Authors API	1693665736208	1693665736981	OK	 
USER	Create Authors	END	1693665736982
USER	Create Authors	START	1693665736988
REQUEST		Create Authors API	1693665736188	1693665736990	OK	 
USER	Create Authors	END	1693665736991
USER	Create Authors	START	1693665737008
REQUEST		Create Authors API	1693665736328	1693665737025	OK	 
REQUEST		Create Authors API	1693665736288	1693665737025	OK	 
USER	Create Authors	END	1693665737025
USER	Create Authors	END	1693665737025
USER	Create Authors	START	1693665737028
REQUEST		Create Authors API	1693665736267	1693665737031	OK	 
USER	Create Authors	END	1693665737031
USER	Create Authors	START	1693665737047
USER	Create Authors	START	1693665737068
REQUEST		Create Authors API	1693665736349	1693665737069	OK	 
USER	Create Authors	END	1693665737070
REQUEST		Create Authors API	1693665736368	1693665737075	OK	 
USER	Create Authors	END	1693665737076
REQUEST		Create Authors API	1693665736308	1693665737080	OK	 
USER	Create Authors	END	1693665737080
USER	Create Authors	START	1693665737088
REQUEST		Create Authors API	1693665736388	1693665737101	OK	 
USER	Create Authors	END	1693665737101
USER	Create Authors	START	1693665737109
REQUEST		Create Authors API	1693665736408	1693665737123	OK	 
USER	Create Authors	END	1693665737123
REQUEST		Create Authors API	1693665736429	1693665737127	OK	 
USER	Create Authors	END	1693665737127
USER	Create Authors	START	1693665737128
USER	Create Authors	START	1693665737148
REQUEST		Create Authors API	1693665736449	1693665737149	OK	 
USER	Create Authors	END	1693665737150
REQUEST		Create Authors API	1693665736469	1693665737155	OK	 
USER	Create Authors	END	1693665737156
USER	Create Authors	START	1693665737168
USER	Create Authors	START	1693665737188
REQUEST		Create Authors API	1693665736509	1693665737197	OK	 
USER	Create Authors	END	1693665737197
REQUEST		Create Authors API	1693665736528	1693665737205	OK	 
USER	Create Authors	END	1693665737205
REQUEST		Create Authors API	1693665736488	1693665737208	OK	 
USER	Create Authors	START	1693665737209
USER	Create Authors	END	1693665737209
USER	Create Authors	START	1693665737228
USER	Create Authors	START	1693665737247
USER	Create Authors	START	1693665737268
REQUEST		Create Authors API	1693665736549	1693665737270	OK	 
USER	Create Authors	END	1693665737270
REQUEST		Create Authors API	1693665736589	1693665737286	OK	 
USER	Create Authors	END	1693665737286
USER	Create Authors	START	1693665737288
REQUEST		Create Authors API	1693665736569	1693665737298	OK	 
USER	Create Authors	END	1693665737298
REQUEST		Create Authors API	1693665736608	1693665737306	OK	 
USER	Create Authors	END	1693665737307
USER	Create Authors	START	1693665737308
REQUEST		Create Authors API	1693665736628	1693665737311	OK	 
USER	Create Authors	END	1693665737311
USER	Create Authors	START	1693665737329
REQUEST		Create Authors API	1693665736649	1693665737345	OK	 
USER	Create Authors	END	1693665737346
USER	Create Authors	START	1693665737349
REQUEST		Create Authors API	1693665736666	1693665737357	OK	 
USER	Create Authors	END	1693665737359
USER	Create Authors	START	1693665737369
USER	Create Authors	START	1693665737392
REQUEST		Create Authors API	1693665736687	1693665737402	OK	 
USER	Create Authors	END	1693665737403
REQUEST		Create Authors API	1693665736727	1693665737405	OK	 
REQUEST		Create Authors API	1693665736707	1693665737405	OK	 
USER	Create Authors	END	1693665737405
USER	Create Authors	END	1693665737405
USER	Create Authors	START	1693665737410
USER	Create Authors	START	1693665737428
USER	Create Authors	START	1693665737448
REQUEST		Create Authors API	1693665736767	1693665737458	OK	 
USER	Create Authors	END	1693665737459
USER	Create Authors	START	1693665737469
REQUEST		Create Authors API	1693665736747	1693665737472	OK	 
USER	Create Authors	END	1693665737472
REQUEST		Create Authors API	1693665736787	1693665737488	OK	 
USER	Create Authors	END	1693665737488
USER	Create Authors	START	1693665737489
REQUEST		Create Authors API	1693665736808	1693665737508	OK	 
USER	Create Authors	START	1693665737509
USER	Create Authors	END	1693665737510
REQUEST		Create Authors API	1693665736827	1693665737525	OK	 
USER	Create Authors	END	1693665737526
USER	Create Authors	START	1693665737528
USER	Create Authors	START	1693665737549
REQUEST		Create Authors API	1693665736868	1693665737551	OK	 
USER	Create Authors	END	1693665737552
REQUEST		Create Authors API	1693665736848	1693665737561	OK	 
USER	Create Authors	END	1693665737562
USER	Create Authors	START	1693665737569
USER	Create Authors	START	1693665737589
REQUEST		Create Authors API	1693665736909	1693665737590	OK	 
USER	Create Authors	END	1693665737591
REQUEST		Create Authors API	1693665736888	1693665737598	OK	 
USER	Create Authors	END	1693665737598
USER	Create Authors	START	1693665737609
USER	Create Authors	START	1693665737628
REQUEST		Create Authors API	1693665736947	1693665737629	OK	 
USER	Create Authors	END	1693665737629
REQUEST		Create Authors API	1693665736928	1693665737632	OK	 
USER	Create Authors	END	1693665737632
USER	Create Authors	START	1693665737649
REQUEST		Create Authors API	1693665736968	1693665737663	OK	 
USER	Create Authors	END	1693665737663
USER	Create Authors	START	1693665737667
USER	Create Authors	START	1693665737688
REQUEST		Create Authors API	1693665737008	1693665737698	OK	 
USER	Create Authors	END	1693665737699
USER	Create Authors	START	1693665737708
REQUEST		Create Authors API	1693665736988	1693665737713	OK	 
USER	Create Authors	END	1693665737713
REQUEST		Create Authors API	1693665737028	1693665737719	OK	 
USER	Create Authors	END	1693665737719
USER	Create Authors	START	1693665737727
REQUEST		Create Authors API	1693665737047	1693665737735	OK	 
USER	Create Authors	END	1693665737736
USER	Create Authors	START	1693665737748
REQUEST		Create Authors API	1693665737068	1693665737765	OK	 
USER	Create Authors	END	1693665737766
USER	Create Authors	START	1693665737768
USER	Create Authors	START	1693665737788
REQUEST		Create Authors API	1693665737108	1693665737789	OK	 
USER	Create Authors	END	1693665737790
REQUEST		Create Authors API	1693665737088	1693665737795	OK	 
USER	Create Authors	END	1693665737796
USER	Create Authors	START	1693665737809
REQUEST		Create Authors API	1693665737128	1693665737821	OK	 
USER	Create Authors	END	1693665737821
USER	Create Authors	START	1693665737829
REQUEST		Create Authors API	1693665737148	1693665737841	OK	 
USER	Create Authors	END	1693665737842
USER	Create Authors	START	1693665737848
REQUEST		Create Authors API	1693665737168	1693665737856	OK	 
USER	Create Authors	END	1693665737857
USER	Create Authors	START	1693665737868
REQUEST		Create Authors API	1693665737188	1693665737870	OK	 
USER	Create Authors	END	1693665737871
USER	Create Authors	START	1693665737888
REQUEST		Create Authors API	1693665737228	1693665737905	OK	 
USER	Create Authors	END	1693665737906
USER	Create Authors	START	1693665737907
USER	Create Authors	START	1693665737929
USER	Create Authors	START	1693665737949
REQUEST		Create Authors API	1693665737208	1693665737957	OK	 
USER	Create Authors	END	1693665737958
REQUEST		Create Authors API	1693665737247	1693665737965	OK	 
USER	Create Authors	END	1693665737966
REQUEST		Create Authors API	1693665737268	1693665737968	OK	 
USER	Create Authors	END	1693665737969
USER	Create Authors	START	1693665737969
USER	Create Authors	START	1693665737989
REQUEST		Create Authors API	1693665737308	1693665737996	OK	 
USER	Create Authors	END	1693665737996
REQUEST		Create Authors API	1693665737288	1693665738001	OK	 
USER	Create Authors	END	1693665738001
USER	Create Authors	START	1693665738009
REQUEST		Create Authors API	1693665737329	1693665738018	OK	 
USER	Create Authors	END	1693665738019
REQUEST		Create Authors API	1693665737349	1693665738019	OK	 
USER	Create Authors	END	1693665738019
USER	Create Authors	START	1693665738028
USER	Create Authors	START	1693665738048
USER	Create Authors	START	1693665738068
USER	Create Authors	START	1693665738089
REQUEST		Create Authors API	1693665737368	1693665738092	OK	 
USER	Create Authors	END	1693665738093
REQUEST		Create Authors API	1693665737389	1693665738098	OK	 
USER	Create Authors	END	1693665738098
USER	Create Authors	START	1693665738109
USER	Create Authors	START	1693665738129
REQUEST		Create Authors API	1693665737409	1693665738130	OK	 
REQUEST		Create Authors API	1693665737447	1693665738130	OK	 
USER	Create Authors	END	1693665738131
USER	Create Authors	END	1693665738131
REQUEST		Create Authors API	1693665737428	1693665738133	OK	 
USER	Create Authors	END	1693665738134
USER	Create Authors	START	1693665738149
USER	Create Authors	START	1693665738168
REQUEST		Create Authors API	1693665737468	1693665738173	OK	 
USER	Create Authors	END	1693665738173
USER	Create Authors	START	1693665738188
REQUEST		Create Authors API	1693665737509	1693665738191	OK	 
USER	Create Authors	END	1693665738192
REQUEST		Create Authors API	1693665737489	1693665738197	OK	 
USER	Create Authors	END	1693665738197
USER	Create Authors	START	1693665738208
REQUEST		Create Authors API	1693665737528	1693665738216	OK	 
USER	Create Authors	END	1693665738216
USER	Create Authors	START	1693665738228
REQUEST		Create Authors API	1693665737549	1693665738243	OK	 
USER	Create Authors	END	1693665738243
USER	Create Authors	START	1693665738249
USER	Create Authors	START	1693665738269
REQUEST		Create Authors API	1693665737568	1693665738270	OK	 
USER	Create Authors	END	1693665738270
USER	Create Authors	START	1693665738289
REQUEST		Create Authors API	1693665737608	1693665738308	OK	 
USER	Create Authors	END	1693665738308
USER	Create Authors	START	1693665738309
REQUEST		Create Authors API	1693665737588	1693665738312	OK	 
USER	Create Authors	END	1693665738313
USER	Create Authors	START	1693665738329
REQUEST		Create Authors API	1693665737628	1693665738329	OK	 
USER	Create Authors	END	1693665738329
REQUEST		Create Authors API	1693665737648	1693665738333	OK	 
USER	Create Authors	END	1693665738334
USER	Create Authors	START	1693665738349
USER	Create Authors	START	1693665738369
REQUEST		Create Authors API	1693665737667	1693665738384	OK	 
USER	Create Authors	END	1693665738384
USER	Create Authors	START	1693665738389
REQUEST		Create Authors API	1693665737688	1693665738398	OK	 
USER	Create Authors	END	1693665738399
USER	Create Authors	START	1693665738410
REQUEST		Create Authors API	1693665737727	1693665738414	OK	 
USER	Create Authors	END	1693665738415
REQUEST		Create Authors API	1693665737708	1693665738427	OK	 
USER	Create Authors	END	1693665738427
USER	Create Authors	START	1693665738428
USER	Create Authors	START	1693665738448
REQUEST		Create Authors API	1693665737748	1693665738460	OK	 
USER	Create Authors	END	1693665738460
USER	Create Authors	START	1693665738468
REQUEST		Create Authors API	1693665737768	1693665738470	OK	 
USER	Create Authors	END	1693665738470
USER	Create Authors	START	1693665738488
REQUEST		Create Authors API	1693665737808	1693665738497	OK	 
USER	Create Authors	END	1693665738498
REQUEST		Create Authors API	1693665737828	1693665738506	OK	 
USER	Create Authors	END	1693665738508
USER	Create Authors	START	1693665738509
USER	Create Authors	START	1693665738529
REQUEST		Create Authors API	1693665737848	1693665738542	OK	 
USER	Create Authors	END	1693665738543
USER	Create Authors	START	1693665738550
REQUEST		Create Authors API	1693665737868	1693665738556	OK	 
USER	Create Authors	END	1693665738557
USER	Create Authors	START	1693665738569
REQUEST		Create Authors API	1693665737888	1693665738575	OK	 
USER	Create Authors	END	1693665738576
REQUEST		Create Authors API	1693665737907	1693665738586	OK	 
USER	Create Authors	END	1693665738587
USER	Create Authors	START	1693665738589
USER	Create Authors	START	1693665738609
USER	Create Authors	START	1693665738630
REQUEST		Create Authors API	1693665737928	1693665738631	OK	 
USER	Create Authors	END	1693665738632
REQUEST		Create Authors API	1693665737949	1693665738634	OK	 
USER	Create Authors	END	1693665738635
REQUEST		Create Authors API	1693665737968	1693665738670	OK	 
USER	Create Authors	END	1693665738670
REQUEST		Create Authors API	1693665737988	1693665738683	OK	 
USER	Create Authors	END	1693665738684
REQUEST		Create Authors API	1693665738009	1693665738690	OK	 
USER	Create Authors	END	1693665738691
REQUEST		Create Authors API	1693665738028	1693665738719	OK	 
USER	Create Authors	END	1693665738719
REQUEST		Create Authors API	1693665738047	1693665738750	OK	 
USER	Create Authors	END	1693665738750
REQUEST		Create Authors API	1693665738068	1693665738795	OK	 
USER	Create Authors	END	1693665738796
REQUEST		Create Authors API	1693665738089	1693665738797	OK	 
USER	Create Authors	END	1693665738798
REQUEST		Create Authors API	1693665738109	1693665738810	OK	 
USER	Create Authors	END	1693665738811
REQUEST		Create Authors API	1693665738129	1693665738830	OK	 
USER	Create Authors	END	1693665738831
REQUEST		Create Authors API	1693665738149	1693665738843	OK	 
USER	Create Authors	END	1693665738843
REQUEST		Create Authors API	1693665738168	1693665738889	OK	 
USER	Create Authors	END	1693665738890
REQUEST		Create Authors API	1693665738208	1693665738893	OK	 
USER	Create Authors	END	1693665738893
REQUEST		Create Authors API	1693665738188	1693665738909	OK	 
USER	Create Authors	END	1693665738909
REQUEST		Create Authors API	1693665738228	1693665738925	OK	 
USER	Create Authors	END	1693665738926
REQUEST		Create Authors API	1693665738269	1693665738971	OK	 
USER	Create Authors	END	1693665738972
REQUEST		Create Authors API	1693665738289	1693665738974	OK	 
USER	Create Authors	END	1693665738975
REQUEST		Create Authors API	1693665738248	1693665738977	OK	 
USER	Create Authors	END	1693665738978
REQUEST		Create Authors API	1693665738309	1693665738999	OK	 
USER	Create Authors	END	1693665739000
REQUEST		Create Authors API	1693665738329	1693665739032	OK	 
USER	Create Authors	END	1693665739033
REQUEST		Create Authors API	1693665738368	1693665739066	OK	 
USER	Create Authors	END	1693665739068
REQUEST		Create Authors API	1693665738348	1693665739072	OK	 
USER	Create Authors	END	1693665739074
REQUEST		Create Authors API	1693665738389	1693665739085	OK	 
USER	Create Authors	END	1693665739087
REQUEST		Create Authors API	1693665738428	1693665739152	OK	 
USER	Create Authors	END	1693665739153
REQUEST		Create Authors API	1693665738409	1693665739156	OK	 
USER	Create Authors	END	1693665739158
REQUEST		Create Authors API	1693665738448	1693665739171	OK	 
USER	Create Authors	END	1693665739172
REQUEST		Create Authors API	1693665738468	1693665739179	OK	 
REQUEST		Create Authors API	1693665738488	1693665739179	OK	 
USER	Create Authors	END	1693665739180
USER	Create Authors	END	1693665739180
REQUEST		Create Authors API	1693665738509	1693665739202	OK	 
USER	Create Authors	END	1693665739202
REQUEST		Create Authors API	1693665738569	1693665739246	OK	 
USER	Create Authors	END	1693665739247
REQUEST		Create Authors API	1693665738529	1693665739249	OK	 
USER	Create Authors	END	1693665739249
REQUEST		Create Authors API	1693665738549	1693665739272	OK	 
USER	Create Authors	END	1693665739272
REQUEST		Create Authors API	1693665738609	1693665739323	OK	 
USER	Create Authors	END	1693665739325
REQUEST		Create Authors API	1693665738589	1693665739326	OK	 
USER	Create Authors	END	1693665739327
REQUEST		Create Authors API	1693665738629	1693665739334	OK	 
USER	Create Authors	END	1693665739334
REQUEST		Create Authors API	1693665734732	1693665744734	KO	i.n.c.ConnectTimeoutException: connection timed out: fakerestapi.azurewebsites.net/20.50.2.11:443
USER	Create Authors	END	1693665744739
REQUEST		Create Authors API	1693665737788	1693665747790	KO	i.n.c.ConnectTimeoutException: connection timed out: fakerestapi.azurewebsites.net/20.50.2.11:443
USER	Create Authors	END	1693665747792
